


ARM Macro Assembler    Page 1 


    1 00000000                 AREA             Program4,CODE,READONLY
    2 00000000        0 
                       pointer RN               r0
    3 00000000        1 
                       N       RN               r1
    4 00000000        2 
                       i       RN               r2
    5 00000000        3 
                       p       RN               r3
    6 00000000        4 
                       pp      RN               r4
    7 00000000        5 
                       bool    RN               r5
    8 00000000                 ENTRY
    9 00000000 E3A01064        MOV              N,#100
   10 00000004 E3A00101        LDR              pointer,=0x40000000
   11 00000008         Initialize
   12 00000008 E3A02000        MOV              i,#0
   13 0000000C E3A05001        MOV              bool,#1
   14 00000010 E7C05002 
                       InitializeBody
                               STRB             bool,[pointer,i]
   15 00000014 E2822001        ADD              i,i,#1
   16 00000018 E1520001        CMP              i,N
   17 0000001C DAFFFFFB        BLE              InitializeBody
   18 00000020         Sieve
   19 00000020 E3A03002        MOV              p,#2
   20 00000024 E7D05003 
                       SieveBody
                               LDRB             bool,[pointer,p]
   21 00000028 E3550001        CMP              bool,#1
   22 0000002C 1A000005        BNE              SiftElse
   23 00000030         Sift
   24 00000030 E0832003        ADD              i,p,p
   25 00000034 E3A05000        MOV              bool,#0
   26 00000038 E7C05002 
                       SiftBody
                               STRB             bool,[pointer,i]
   27 0000003C E0822003        ADD              i,i,p
   28 00000040 E1520001        CMP              i,N
   29 00000044 DAFFFFFB        BLE              SiftBody
   30 00000048 E2833001 
                       SiftElse
                               ADD              p,p,#1
   31 0000004C E0040393        MUL              pp,p,p
   32 00000050 E1540001        CMP              pp,N
   33 00000054 DAFFFFF2        BLE              SieveBody
   34 00000058         CollectPrimes
   35 00000058 E1A02001        MOV              i,N
   36 0000005C E3A03002        MOV              p,#2
   37 00000060 E7D05003 
                       CollectBody
                               LDRB             bool,[pointer,p]
   38 00000064 E3550001        CMP              bool,#1
   39 00000068 1A000000        BNE              CollectElse
   40 0000006C E7803102        STR              p,[pointer,i,LSL #2]
   41 00000070 E2833001 
                       CollectElse
                               ADD              p,p,#1



ARM Macro Assembler    Page 2 


   42 00000074 E2822001        ADD              i,i,#1
   43 00000078 E1530001        CMP              p,N
   44 0000007C DAFFFFF7        BLE              CollectBody
   45 00000080 EAFFFFFE 
                       Stop    B                Stop
   46 00000084                 END
Command Line: --debug --xref --diag_suppress=9931 --apcs=interwork --depend=.\o
bjects\program4.d -o.\objects\program4.o -IC:\Keil_v5\ARM\RV31\INC -IC:\Keil_v5
\ARM\CMSIS\Include -IC:\Keil_v5\ARM\INC\Philips --predefine="__EVAL SETA 1" --p
redefine="__UVISION_VERSION SETA 526" --list=.\listings\program4.lst Program4.s



ARM Macro Assembler    Page 1 Alphabetic symbol ordering
Relocatable symbols

CollectBody 00000060

Symbol: CollectBody
   Definitions
      At line 37 in file Program4.s
   Uses
      At line 44 in file Program4.s
Comment: CollectBody used once
CollectElse 00000070

Symbol: CollectElse
   Definitions
      At line 41 in file Program4.s
   Uses
      At line 39 in file Program4.s
Comment: CollectElse used once
CollectPrimes 00000058

Symbol: CollectPrimes
   Definitions
      At line 34 in file Program4.s
   Uses
      None
Comment: CollectPrimes unused
Initialize 00000008

Symbol: Initialize
   Definitions
      At line 11 in file Program4.s
   Uses
      None
Comment: Initialize unused
InitializeBody 00000010

Symbol: InitializeBody
   Definitions
      At line 14 in file Program4.s
   Uses
      At line 17 in file Program4.s
Comment: InitializeBody used once
Program4 00000000

Symbol: Program4
   Definitions
      At line 1 in file Program4.s
   Uses
      None
Comment: Program4 unused
Sieve 00000020

Symbol: Sieve
   Definitions
      At line 18 in file Program4.s
   Uses
      None
Comment: Sieve unused
SieveBody 00000024

Symbol: SieveBody



ARM Macro Assembler    Page 2 Alphabetic symbol ordering
Relocatable symbols

   Definitions
      At line 20 in file Program4.s
   Uses
      At line 33 in file Program4.s
Comment: SieveBody used once
Sift 00000030

Symbol: Sift
   Definitions
      At line 23 in file Program4.s
   Uses
      None
Comment: Sift unused
SiftBody 00000038

Symbol: SiftBody
   Definitions
      At line 26 in file Program4.s
   Uses
      At line 29 in file Program4.s
Comment: SiftBody used once
SiftElse 00000048

Symbol: SiftElse
   Definitions
      At line 30 in file Program4.s
   Uses
      At line 22 in file Program4.s
Comment: SiftElse used once
Stop 00000080

Symbol: Stop
   Definitions
      At line 45 in file Program4.s
   Uses
      At line 45 in file Program4.s
Comment: Stop used once
12 symbols
350 symbols in table
