


ARM Macro Assembler    Page 1 


    1 00000000                 AREA             Program5,CODE,READONLY
    2 00000000                 ENTRY
    3 00000000        8 
                       index1  RN               r8
    4 00000000        9 
                       index2  RN               r9
    5 00000000        4 
                       lower1  RN               r4
    6 00000000        5 
                       upper1  RN               r5
    7 00000000        6 
                       lower2  RN               r6
    8 00000000        7 
                       upper2  RN               r7
    9 00000000 E59FD170        LDR              sp, =0x40000200
   10 00000004 E28F10B4        ADR              r1,sourceArray
   11 00000008 E3A02017        LDR              r2,=tsize
   12 0000000C E59F316C        LDR              r3,=0x40001000
   13 00000010 EB000002        BL               copyArray
   14 00000014 E92D0009        STMDB            sp!,{r0,r3}
   15 00000018 EB000018        BL               sumArray
   16 0000001C EAFFFFFE 
                       Stop    B                Stop
   17 00000020         
   18 00000020         copyArray
   19 00000020 E92D5FF0        STMDB            sp!,{r4-r12,lr}
   20 00000024 E1A0A003        MOV              r10,r3
   21 00000028 E3A08000        MOV              index1,#0
   22 0000002C E1580002 
                       LoadFor CMP              index1,r2
   23 00000030 AA00000F        BGE              exitLoad
   24 00000034 E8B10030        LDMIA            r1!,{lower1,upper1}
   25 00000038 E3A09000        MOV              index2,#0
   26 0000003C E1A0B003        MOV              r11,r3
   27 00000040 E1590008 
                       CompareFor
                               CMP              index2,index1
   28 00000044 AA000007        BGE              exitCompare
   29 00000048 E8BB00C0        LDMIA            r11!,{lower2,upper2}
   30 0000004C E1540006        CMP              lower1,lower2
   31 00000050 1A000002        BNE              passComparison
   32 00000054 E1550007        CMP              upper1,upper2
   33 00000058 1A000000        BNE              passComparison
   34 0000005C EA000002        B                failComparison
   35 00000060 E2899001 
                       passComparison
                               ADD              index2,index2,#1
   36 00000064 EAFFFFF5        B                CompareFor
   37 00000068 E8AA0030 
                       exitCompare
                               STMIA            r10!,{lower1,upper1}
   38 0000006C E2888001 
                       failComparison
                               ADD              index1,index1,#1
   39 00000070 EAFFFFED        B                LoadFor
   40 00000074 E04A0003 
                       exitLoad
                               SUB              r0,r10,r3
   41 00000078 E1A001A0        LSR              r0,#3



ARM Macro Assembler    Page 2 


   42 0000007C E8BD9FF0        LDMIA            sp!,{r4-r12,pc}
   43 00000080         
   44 00000080         sumArray
   45 00000080 E92D4000        STMDB            sp!,{lr}
   46 00000084 E8BD001C        LDMIA            sp!,{r2,r3,r4}
   47 00000088 E92D1FF0        STMDB            sp!,{r4-r12}
   48 0000008C E3A00000        MOV              r0,#0
   49 00000090 E3A01000        MOV              r1,#0
   50 00000094 E1A0A004        MOV              r10,r4
   51 00000098 E3A08000        MOV              index1,#0
   52 0000009C E1580003 
                       SummationLoop
                               CMP              index1,r3
   53 000000A0 AA000004        BGE              exitSummation
   54 000000A4 E8BA0030        LDM              r10!,{lower1,upper1}
   55 000000A8 E0911004        ADDS             r1,r1,lower1
   56 000000AC E0A00005        ADC              r0,r0,upper1
   57 000000B0 E2888001        ADD              index1,index1,#1
   58 000000B4 EAFFFFF8        B                SummationLoop
   59 000000B8 E8BD1FF0 
                       exitSummation
                               LDMIA            sp!,{r4-r12}
   60 000000BC E12FFF12        BX               r2
   61 000000C0         
   62 000000C0 D00236DD 
              0200200A sourceArray
                               DCQ              0x0200200AD00236DD
   63 000000C8 AAC4D097 
              00003401         DCQ              0x00003401AAC4D097
   64 000000D0 D00236DD 
              0200200A         DCQ              0x0200200AD00236DD
   65 000000D8 AD3C66DF 
              00010AA0         DCQ              0x00010AA0AD3C66DF
   66 000000E0 76400CCB 
              0000FC3D         DCQ              0x0000FC3D76400CCB
   67 000000E8 5ACDD097 
              00009004         DCQ              0x000090045ACDD097
   68 000000F0 00004551 
              00000FF0         DCQ              0x00000FF000004551
   69 000000F8 D00236DD 
              0200200A         DCQ              0x0200200AD00236DD
   70 00000100 AAC4D097 
              003AC401         DCQ              0x003AC401AAC4D097
   71 00000108 5ACDD097 
              00009004         DCQ              0x000090045ACDD097
   72 00000110 AD3C66DF 
              09990AA0         DCQ              0x09990AA0AD3C66DF
   73 00000118 D00236DD 
              1000200A         DCQ              0x1000200AD00236DD
   74 00000120 AAC4D097 
              00003401         DCQ              0x00003401AAC4D097
   75 00000128 2ACFF200 
              00000110         DCQ              0x000001102ACFF200
   76 00000130 AD3C66DF 
              00010AA0         DCQ              0x00010AA0AD3C66DF
   77 00000138 AAC4D097 
              003AC401         DCQ              0x003AC401AAC4D097
   78 00000140 76400CCB 
              1000FC3D         DCQ              0x1000FC3D76400CCB



ARM Macro Assembler    Page 3 


   79 00000148 5ACDD097 
              00009004         DCQ              0x000090045ACDD097
   80 00000150 00004551 
              00000FF0         DCQ              0x00000FF000004551
   81 00000158 003C66DF 
              00000000         DCQ              0x00000000003C66DF
   82 00000160 D00236DD 
              0200200A         DCQ              0x0200200AD00236DD
   83 00000168 AAC4D097 
              00003401         DCQ              0x00003401AAC4D097
   84 00000170 2ACFF200 
              00000110         DCQ              0x000001102ACFF200
   85 00000178         endArr
   86 00000178 00000017 
                       tsize   EQU              ((endArr-sourceArray)/8)
   87 00000178                 END
              40000200 
              00000000 
              40001000 
Command Line: --debug --xref --diag_suppress=9931 --apcs=interwork --depend=.\o
bjects\program5.d -o.\objects\program5.o -IC:\Keil_v5\ARM\RV31\INC -IC:\Keil_v5
\ARM\CMSIS\Include -IC:\Keil_v5\ARM\INC\Philips --predefine="__EVAL SETA 1" --p
redefine="__UVISION_VERSION SETA 526" --list=.\listings\program5.lst Program5.s



ARM Macro Assembler    Page 1 Alphabetic symbol ordering
Relocatable symbols

CompareFor 00000040

Symbol: CompareFor
   Definitions
      At line 27 in file Program5.s
   Uses
      At line 36 in file Program5.s
Comment: CompareFor used once
LoadFor 0000002C

Symbol: LoadFor
   Definitions
      At line 22 in file Program5.s
   Uses
      At line 39 in file Program5.s
Comment: LoadFor used once
Program5 00000000

Symbol: Program5
   Definitions
      At line 1 in file Program5.s
   Uses
      None
Comment: Program5 unused
Stop 0000001C

Symbol: Stop
   Definitions
      At line 16 in file Program5.s
   Uses
      At line 16 in file Program5.s
Comment: Stop used once
SummationLoop 0000009C

Symbol: SummationLoop
   Definitions
      At line 52 in file Program5.s
   Uses
      At line 58 in file Program5.s
Comment: SummationLoop used once
copyArray 00000020

Symbol: copyArray
   Definitions
      At line 18 in file Program5.s
   Uses
      At line 13 in file Program5.s
Comment: copyArray used once
endArr 00000178

Symbol: endArr
   Definitions
      At line 85 in file Program5.s
   Uses
      At line 86 in file Program5.s
Comment: endArr used once
exitCompare 00000068

Symbol: exitCompare



ARM Macro Assembler    Page 2 Alphabetic symbol ordering
Relocatable symbols

   Definitions
      At line 37 in file Program5.s
   Uses
      At line 28 in file Program5.s
Comment: exitCompare used once
exitLoad 00000074

Symbol: exitLoad
   Definitions
      At line 40 in file Program5.s
   Uses
      At line 23 in file Program5.s
Comment: exitLoad used once
exitSummation 000000B8

Symbol: exitSummation
   Definitions
      At line 59 in file Program5.s
   Uses
      At line 53 in file Program5.s
Comment: exitSummation used once
failComparison 0000006C

Symbol: failComparison
   Definitions
      At line 38 in file Program5.s
   Uses
      At line 34 in file Program5.s
Comment: failComparison used once
passComparison 00000060

Symbol: passComparison
   Definitions
      At line 35 in file Program5.s
   Uses
      At line 31 in file Program5.s
      At line 33 in file Program5.s

sourceArray 000000C0

Symbol: sourceArray
   Definitions
      At line 62 in file Program5.s
   Uses
      At line 10 in file Program5.s
      At line 86 in file Program5.s

sumArray 00000080

Symbol: sumArray
   Definitions
      At line 44 in file Program5.s
   Uses
      At line 15 in file Program5.s
Comment: sumArray used once
14 symbols



ARM Macro Assembler    Page 1 Alphabetic symbol ordering
Absolute symbols

tsize 00000017

Symbol: tsize
   Definitions
      At line 86 in file Program5.s
   Uses
      At line 11 in file Program5.s
Comment: tsize used once
1 symbol
355 symbols in table
