


ARM Macro Assembler    Page 1 


    1 00000000                 AREA             Lab4,CODE,READONLY
    2 00000000        0 
                       LED_NUM RN               r0
    3 00000000        1 
                       AD_val  RN               r1
    4 00000000        2 
                       num     RN               r2
    5 00000000        3 
                       dir     RN               r3
    6 00000000        4 
                       APB2ENR RN               r4
    7 00000000        5 
                       CRH     RN               r5
    8 00000000        6 
                       BSRR    RN               r6
    9 00000000        7 
                       LSLindex
                               RN               r7
   10 00000000        8 
                       i       RN               r8
   11 00000000        C 
                       pointer RN               r12
   12 00000000                 ENTRY
   13 00000000 E3A00008        MOV              LED_NUM,#8
   14 00000004 E3A01004        MOV              AD_val,#2_0100
   15 00000008 E3E02000        MOV              num,#-1
   16 0000000C E3A03001        MOV              dir,#1
   17 00000010 E3A0400A        MOV              APB2ENR,#2_1010
   18 00000014 E3844040        ORR              APB2ENR,APB2ENR,#2_1000000
   19 00000018 E59F5064        LDR              CRH,=0x33333333
   20 0000001C E59FA064        LDR              r10,=100000
   21 00000020 E3A0B00F        MOV              r11,#15
   22 00000024 E3A0C101        LDR              pointer,=0x40000000
   23 00000028         Loop
   24 00000028 E0822003        ADD              num,num,dir
   25 0000002C E1520000 
                       if      CMP              num,LED_NUM
   26 00000030 BA000002        BLT              elseif
   27 00000034 E3E03000        MOV              dir,#-1
   28 00000038 E2402001        SUB              num,LED_NUM,#1
   29 0000003C EA000003        B                exitif
   30 00000040 E3520000 
                       elseif  CMP              num,#0
   31 00000044 AA000001        BGE              exitif
   32 00000048 E3A03001        MOV              dir,#1
   33 0000004C E3A02000        MOV              num,#0
   34 00000050 E04B7002 
                       exitif  SUB              LSLindex,r11,num
   35 00000054 E3A06001        MOV              BSRR,#1
   36 00000058 E1A06716        LSL              BSRR,LSLindex
   37 0000005C E3A08000 
                       for     MOV              i,#0
   38 00000060 E1A09401        LSL              r9,AD_val,#8
   39 00000064 E089900A        ADD              r9,r9,r10
   40 00000068 E1580001 
                       forbody CMP              i,AD_val
   41 0000006C 2AFFFFED        BHS              Loop
   42 00000070 E1A06806        LSL              BSRR,#16
   43 00000074 E48C6004        STR              BSRR,[pointer],#4



ARM Macro Assembler    Page 2 


   44 00000078 E1A06826        LSR              BSRR,#16
   45 0000007C E2888001        ADD              i,i,#1
   46 00000080 EAFFFFF8        B                forbody
   47 00000084                 END
              33333333 
              000186A0 
Command Line: --debug --xref --diag_suppress=9931 --apcs=interwork --depend=.\o
bjects\lab4.d -o.\objects\lab4.o -IC:\Keil_v5\ARM\RV31\INC -IC:\Keil_v5\ARM\CMS
IS\Include -IC:\Keil_v5\ARM\INC\Philips --predefine="__EVAL SETA 1" --predefine
="__UVISION_VERSION SETA 526" --list=.\listings\lab4.lst Lab4.s



ARM Macro Assembler    Page 1 Alphabetic symbol ordering
Relocatable symbols

Lab4 00000000

Symbol: Lab4
   Definitions
      At line 1 in file Lab4.s
   Uses
      None
Comment: Lab4 unused
Loop 00000028

Symbol: Loop
   Definitions
      At line 23 in file Lab4.s
   Uses
      At line 41 in file Lab4.s
Comment: Loop used once
elseif 00000040

Symbol: elseif
   Definitions
      At line 30 in file Lab4.s
   Uses
      At line 26 in file Lab4.s
Comment: elseif used once
exitif 00000050

Symbol: exitif
   Definitions
      At line 34 in file Lab4.s
   Uses
      At line 29 in file Lab4.s
      At line 31 in file Lab4.s

for 0000005C

Symbol: for
   Definitions
      At line 37 in file Lab4.s
   Uses
      None
Comment: for unused
forbody 00000068

Symbol: forbody
   Definitions
      At line 40 in file Lab4.s
   Uses
      At line 46 in file Lab4.s
Comment: forbody used once
if 0000002C

Symbol: if
   Definitions
      At line 25 in file Lab4.s
   Uses
      None
Comment: if unused
7 symbols
351 symbols in table
