


ARM Macro Assembler    Page 1 


    1 00000000                 AREA             Program3,CODE,READONLY
    2 00000000        0 
                       counter RN               0
    3 00000000        1 
                       arrayPointer
                               RN               1
    4 00000000        2 
                       countPointer
                               RN               2
    5 00000000        3 
                       size    RN               3
    6 00000000        4 
                       index   RN               4
    7 00000000        5 
                       comparand
                               RN               5
    8 00000000        6 
                       value   RN               6
    9 00000000        7 
                       test    RN               7
   10 00000000                 ENTRY
   11 00000000 E28F1040        ADR              arrayPointer,sourceArray
   12 00000004 E3A02101        LDR              countPointer,=0x40000000
   13 00000008 E59F3078        LDR              size,sourceArraySize
   14 0000000C E3A05000        MOV              comparand,#0 ;initialize compar
                                                            and to 0
   15 00000010         Loop                                 ;loop over the arra
                                                            y for each digit 0 
                                                            through 9
   16 00000010 E3A00000        MOV              counter,#0  ;reset counter
   17 00000014 E3A04000        MOV              index,#0    ;reset index
   18 00000018         Iterate                              ;iterate through th
                                                            e array
   19 00000018 E7D16004        LDRB             value,[arrayPointer,index] ;loa
                                                            d byte from sourceA
                                                            rray at appropriate
                                                             index
   20 0000001C E1560005        CMP              value,comparand
   21 00000020 02800001        ADDEQ            counter,counter,#1 ;if value an
                                                            d comparand are equ
                                                            al, increment count
                                                            er
   22 00000024 E2844001        ADD              index,index,#1 ;increment index
                                                            
   23 00000028 E1540003        CMP              index,size
   24 0000002C BAFFFFF9        BLT              Iterate     ;if index is within
                                                             array bound, itera
                                                            te over next value
   25 00000030         
   26 00000030 E7820105        STR              counter,[countPointer,comparand
,LSL #2] 
                                                            ;store the count to
                                                             memory at appropri
                                                            ate index of count 
                                                            array
   27 00000034 E7927105        LDR              test,[countPointer,comparand,LS
L #2]
   28 00000038 E2855001        ADD              comparand,comparand,#1 ;increme
                                                            nt comparand



ARM Macro Assembler    Page 2 


   29 0000003C E3550009        CMP              comparand,#9
   30 00000040 DAFFFFF2        BLE              Loop        ;if comparand is le
                                                            ss than 9, loop thr
                                                            ough sourceArray ag
                                                            ain
   31 00000044         
   32 00000044 EAFFFFFE 
                       stop    B                stop
   33 00000048         
   34 00000048 02 04 06 
              06 00 01 
              04 08 03 
              00 03 01 
              02 02 05 
              02 02 03 
              08 01    sourceArray
                               DCB              2,4,6,6,0,1,4,8,3,0,3,1,2,2,5,2
,2,3,8,1
   35 0000005C 09 01 05 
              03 04 02 
              06 07 08 
              09 00 04 
              04 03 02 
              03 06 05 
              04 05 06 
              07               DCB              9,1,5,3,4,2,6,7,8,9,0,4,4,3,2,3
,6,5,4,5,6,7
   36 00000072 04 01 02 
              01 04 06 
              07 06 03 
              03 02 06 
              08 09 09 
              09 01 04 
              02 03 04 
              05               DCB              4,1,2,1,4,6,7,6,3,3,2,6,8,9,9,9
,1,4,2,3,4,5
   37 00000088 40      sourceArraySize
                               DCB              0x40
   38 00000089                 END
Command Line: --debug --xref --diag_suppress=9931 --apcs=interwork --depend=.\o
bjects\program3.d -o.\objects\program3.o -IC:\Keil_v5\ARM\RV31\INC -IC:\Keil_v5
\ARM\CMSIS\Include -IC:\Keil_v5\ARM\INC\Philips --predefine="__EVAL SETA 1" --p
redefine="__UVISION_VERSION SETA 526" --list=.\listings\program3.lst Program3.s



ARM Macro Assembler    Page 1 Alphabetic symbol ordering
Relocatable symbols

Iterate 00000018

Symbol: Iterate
   Definitions
      At line 18 in file Program3.s
   Uses
      At line 24 in file Program3.s
Comment: Iterate used once
Loop 00000010

Symbol: Loop
   Definitions
      At line 15 in file Program3.s
   Uses
      At line 30 in file Program3.s
Comment: Loop used once
Program3 00000000

Symbol: Program3
   Definitions
      At line 1 in file Program3.s
   Uses
      None
Comment: Program3 unused
sourceArray 00000048

Symbol: sourceArray
   Definitions
      At line 34 in file Program3.s
   Uses
      At line 11 in file Program3.s
Comment: sourceArray used once
sourceArraySize 00000088

Symbol: sourceArraySize
   Definitions
      At line 37 in file Program3.s
   Uses
      At line 13 in file Program3.s
Comment: sourceArraySize used once
stop 00000044

Symbol: stop
   Definitions
      At line 32 in file Program3.s
   Uses
      At line 32 in file Program3.s
Comment: stop used once
6 symbols
346 symbols in table
