


ARM Macro Assembler    Page 1 


    1 00000000                 AREA             Program1,CODE,READONLY
    2 00000000                 ENTRY
    3 00000000 E59F1028        LDR              r1,C
    4 00000004 E59F2028        LDR              r2,D
    5 00000008 E59F3028        LDR              r3,E
    6 0000000C E59F4028        LDR              r4,F
    7 00000010 E1E05001        MVN              r5,r1
    8 00000014 E1E06003        MVN              r6,r3
    9 00000018 E0827005        ADD              r7,r2,r5
   10 0000001C E0848006        ADD              r8,r4,r6
   11 00000020 E0090898        MUL              r9,r8,r8
   12 00000024 E00A0997        MUL              r10,r7,r9
   13 00000028 E1A0022A        LSR              r0,r10,#4
   14 0000002C EAFFFFFE 
                       stop    B                stop
   15 00000030         
   16 00000030 000000EA 
                       C       DCD              234
   17 00000034 00000191 
                       D       DCD              401
   18 00000038 00000009 
                       E       DCD              9
   19 0000003C 00000064 
                       F       DCD              100
   20 00000040                 END
Command Line: --debug --xref --diag_suppress=9931 --apcs=interwork --depend=.\o
bjects\program1.d -o.\objects\program1.o -IC:\Keil_v5\ARM\RV31\INC -IC:\Keil_v5
\ARM\CMSIS\Include -IC:\Keil_v5\ARM\INC\Philips --predefine="__EVAL SETA 1" --p
redefine="__UVISION_VERSION SETA 526" --list=.\listings\program1.lst Program1.s



ARM Macro Assembler    Page 1 Alphabetic symbol ordering
Relocatable symbols

C 00000030

Symbol: C
   Definitions
      At line 16 in file Program1.s
   Uses
      At line 3 in file Program1.s
Comment: C used once
D 00000034

Symbol: D
   Definitions
      At line 17 in file Program1.s
   Uses
      At line 4 in file Program1.s
Comment: D used once
E 00000038

Symbol: E
   Definitions
      At line 18 in file Program1.s
   Uses
      At line 5 in file Program1.s
Comment: E used once
F 0000003C

Symbol: F
   Definitions
      At line 19 in file Program1.s
   Uses
      At line 6 in file Program1.s
Comment: F used once
Program1 00000000

Symbol: Program1
   Definitions
      At line 1 in file Program1.s
   Uses
      None
Comment: Program1 unused
stop 0000002C

Symbol: stop
   Definitions
      At line 14 in file Program1.s
   Uses
      At line 14 in file Program1.s
Comment: stop used once
6 symbols
338 symbols in table
