


ARM Macro Assembler    Page 1 


    1 00000000                 AREA             Lab5,CODE,READONLY
    2 00000000        0 
                       pointer RN               r0
    3 00000000        1 
                       last    RN               r1
    4 00000000        2 
                       pairs   RN               r2
    5 00000000        3 
                       temp    RN               r3
    6 00000000        4 
                       index   RN               r4
    7 00000000        7 
                       index_inc
                               RN               r7
    8 00000000        A 
                       num     RN               r10
    9 00000000        B 
                       writeto RN               r11
   10 00000000                 ENTRY
   11 00000000 E3A00088        MOV              r0,#2_10001000
   12 00000004 E1A01080        LSL              r1,r0,#1
   13 00000008 E28F0074        ADR              pointer,items
   14 0000000C E3A0A014        MOV              num,#20
   15 00000010 E3A0B101        LDR              writeto,=0x40000000
   16 00000014 E1A0100A        MOV              last,num
   17 00000018 E3A04000        MOV              index,#0
   18 0000001C E154000A 
                       Write   CMP              index,num
   19 00000020 AA000003        BGE              Sort
   20 00000024 E7905104        LDR              r5,[pointer,index,LSL #2]
   21 00000028 E78B5104        STR              r5,[writeto,index,LSL #2]
   22 0000002C E2844001        ADD              index,index,#1
   23 00000030 EAFFFFF9        B                Write
   24 00000034 E3510000 
                       Sort    CMP              last,#0
   25 00000038 DA000010        BLE              Sorted
   26 0000003C E2412001        SUB              pairs,last,#1
   27 00000040 E3A04000        MOV              index,#0
   28 00000044 E1540002 
                       For     CMP              index,pairs
   29 00000048 CAFFFFF9        BGT              Sort
   30 0000004C E2847001        ADD              index_inc,index,#1
   31 00000050 E79B5104        LDR              r5,[writeto,index,LSL #2]
   32 00000054 E79B6107        LDR              r6,[writeto,index_inc,LSL #2]
   33 00000058 E1550006        CMP              r5,r6
   34 0000005C BA000005        BLT              NoSwap
   35 00000060 E1A03005 
                       Swap    MOV              temp,r5
   36 00000064 E1A05006        MOV              r5,r6
   37 00000068 E1A06003        MOV              r6,temp
   38 0000006C E1A01004        MOV              last,index
   39 00000070 E78B5104        STR              r5,[writeto,index,LSL #2]
   40 00000074 E78B6107        STR              r6,[writeto,index_inc,LSL #2]
   41 00000078 E2844001 
                       NoSwap  ADD              index,index,#1
   42 0000007C EAFFFFF0        B                For
   43 00000080 EAFFFFFE 
                       Sorted  B                Sorted
   44 00000084 00000002 



ARM Macro Assembler    Page 2 


              00000004 
              00000003 
              00000021 
              00000036 
              00000006 
              FFFFFFFB 
              00000002 
              00000000 
              00000001 
              00000001 
              00000002 items   DCD              2,4,3,33,54,6,-5,2,0,1,1,2
   45 000000B4 00000062 
              00000009 
              00000008 
              00000004 
              00000000 
              FFFFFFF7 
              00000004 
              FFFFFFCF         DCD              98,9,8,4,0,-9,4,-49
   46 000000D4                 END
Command Line: --debug --xref --diag_suppress=9931 --apcs=interwork --depend=.\o
bjects\lab5.d -o.\objects\lab5.o -IC:\Keil_v5\ARM\RV31\INC -IC:\Keil_v5\ARM\CMS
IS\Include -IC:\Keil_v5\ARM\INC\Philips --predefine="__EVAL SETA 1" --predefine
="__UVISION_VERSION SETA 526" --list=.\listings\lab5.lst Lab5.s



ARM Macro Assembler    Page 1 Alphabetic symbol ordering
Relocatable symbols

For 00000044

Symbol: For
   Definitions
      At line 28 in file Lab5.s
   Uses
      At line 42 in file Lab5.s
Comment: For used once
Lab5 00000000

Symbol: Lab5
   Definitions
      At line 1 in file Lab5.s
   Uses
      None
Comment: Lab5 unused
NoSwap 00000078

Symbol: NoSwap
   Definitions
      At line 41 in file Lab5.s
   Uses
      At line 34 in file Lab5.s
Comment: NoSwap used once
Sort 00000034

Symbol: Sort
   Definitions
      At line 24 in file Lab5.s
   Uses
      At line 19 in file Lab5.s
      At line 29 in file Lab5.s

Sorted 00000080

Symbol: Sorted
   Definitions
      At line 43 in file Lab5.s
   Uses
      At line 25 in file Lab5.s
      At line 43 in file Lab5.s

Swap 00000060

Symbol: Swap
   Definitions
      At line 35 in file Lab5.s
   Uses
      None
Comment: Swap unused
Write 0000001C

Symbol: Write
   Definitions
      At line 18 in file Lab5.s
   Uses
      At line 23 in file Lab5.s
Comment: Write used once
items 00000084



ARM Macro Assembler    Page 2 Alphabetic symbol ordering
Relocatable symbols


Symbol: items
   Definitions
      At line 44 in file Lab5.s
   Uses
      At line 13 in file Lab5.s
Comment: items used once
8 symbols
348 symbols in table
